2025-04-12 18:45:47,488 - root - INFO - Database initialized successfully
2025-04-12 18:45:47,489 - root - INFO - Database initialized successfully
2025-04-12 18:48:19,788 - root - INFO - Database initialized successfully
2025-04-12 18:48:19,788 - root - INFO - Database initialized successfully
2025-04-12 18:49:25,547 - root - INFO - Database initialized successfully
2025-04-12 18:49:25,548 - root - INFO - Database initialized successfully
2025-04-12 18:50:22,341 - root - INFO - Database initialized successfully
2025-04-12 18:50:22,341 - root - INFO - Database initialized successfully
2025-04-12 18:51:46,572 - root - INFO - Database initialized successfully
2025-04-12 18:51:46,572 - root - INFO - Database initialized successfully
2025-04-12 18:53:06,297 - root - INFO - Database initialized successfully
2025-04-12 18:53:06,297 - root - INFO - Database initialized successfully
2025-04-12 19:04:41,377 - root - INFO - Database initialized successfully
2025-04-12 19:04:41,377 - root - INFO - Database initialized successfully
2025-04-12 19:06:08,493 - root - INFO - Database initialized successfully
2025-04-12 19:06:08,493 - root - INFO - Database initialized successfully
2025-04-12 19:07:50,560 - root - INFO - Database initialized successfully
2025-04-12 19:07:50,561 - root - INFO - Database initialized successfully
2025-04-12 19:09:06,199 - root - INFO - Database initialized successfully
2025-04-12 19:09:06,200 - root - INFO - Database initialized successfully
2025-04-12 19:09:15,208 - root - ERROR - Database error: no such table: criminals
2025-04-12 19:11:06,114 - root - INFO - Database initialized successfully
2025-04-12 19:11:06,114 - root - INFO - Database initialized successfully
2025-04-12 19:11:17,885 - root - ERROR - Database error: no such table: criminals
2025-04-12 19:11:21,721 - root - ERROR - Database error: no such table: criminals
2025-04-12 19:11:27,917 - root - ERROR - Database error: no such table: criminals
2025-04-12 19:11:54,766 - root - INFO - Database initialized successfully
2025-04-12 19:11:54,767 - root - INFO - Database initialized successfully
2025-04-12 19:12:02,373 - root - ERROR - Database error: no such table: criminals
2025-04-12 19:17:24,424 - root - INFO - Database initialized successfully
2025-04-12 19:17:24,424 - root - INFO - Database initialized successfully
2025-04-12 19:18:23,895 - root - INFO - Database initialized successfully
2025-04-12 19:18:23,895 - root - INFO - Database initialized successfully
2025-04-12 19:20:44,704 - app - INFO - Database initialized successfully
2025-04-12 19:21:44,094 - app - INFO - Database initialized successfully
2025-04-12 19:23:22,393 - app - INFO - Database initialized successfully
2025-04-12 19:24:50,561 - app - INFO - Database initialized successfully
2025-04-13 16:20:38,893 - app - INFO - Database initialized successfully
2025-04-13 16:21:26,861 - app - INFO - Database initialized successfully
2025-04-13 16:27:16,852 - app - INFO - Database initialized successfully
2025-04-13 16:31:25,789 - app - INFO - Database initialized successfully
2025-04-13 16:34:36,378 - app - INFO - Database initialized successfully
2025-04-13 16:35:31,019 - app - INFO - Database initialized successfully
2025-04-13 16:36:39,554 - app - INFO - Database initialized successfully
2025-04-13 16:41:24,157 - app - INFO - Database initialized successfully
2025-04-13 16:42:12,276 - app - INFO - Database initialized successfully
2025-04-13 16:44:05,099 - app - INFO - Database initialized successfully
2025-04-13 16:45:34,135 - app - INFO - Database initialized successfully
2025-04-13 16:46:24,010 - app - INFO - Database initialized successfully
2025-04-13 16:48:25,085 - app - INFO - Database initialized successfully
2025-04-13 16:50:30,965 - app - INFO - Database initialized successfully
2025-04-13 16:53:40,265 - app - INFO - Database initialized successfully
2025-04-13 16:55:44,570 - app - INFO - Database initialized successfully
2025-04-13 16:57:06,600 - app - INFO - Database initialized successfully
2025-04-13 16:59:51,674 - app - INFO - Database initialized successfully
2025-04-13 17:03:05,841 - app - INFO - Database initialized successfully
2025-04-13 17:07:43,670 - app - INFO - Database initialized successfully
2025-04-13 17:09:29,467 - app - INFO - Database initialized successfully
2025-04-13 17:10:05,495 - app - INFO - Database initialized successfully
2025-04-13 17:13:07,920 - app - INFO - Database initialized successfully
2025-04-13 17:13:46,038 - app - INFO - Database initialized successfully
2025-04-13 17:16:06,785 - app - INFO - Database initialized successfully
2025-04-13 17:17:21,241 - app - INFO - Database initialized successfully
2025-04-13 17:21:38,541 - app - INFO - Database initialized successfully
2025-04-13 17:24:03,269 - app - INFO - Database initialized successfully
2025-04-13 17:24:43,243 - app - INFO - Database initialized successfully
2025-04-13 17:27:02,541 - app - INFO - Database initialized successfully
2025-04-13 17:28:49,637 - app - INFO - Database initialized successfully
2025-04-13 17:32:15,227 - app - INFO - Database initialized successfully
2025-04-13 17:35:52,487 - app - INFO - Database initialized successfully
2025-04-13 17:39:19,844 - app - INFO - Database initialized successfully
2025-04-13 17:41:11,284 - app - INFO - Database initialized successfully
2025-04-13 17:44:53,803 - app - INFO - Database initialized successfully
2025-04-13 17:53:47,512 - app - INFO - Database initialized successfully
2025-04-13 17:56:20,813 - app - INFO - Database initialized successfully
2025-04-13 17:56:52,496 - app - INFO - Database initialized successfully
2025-04-13 17:59:31,149 - app - INFO - Database initialized successfully
2025-04-13 18:01:04,910 - app - INFO - Database initialized successfully
2025-04-13 18:03:42,179 - app - INFO - Database initialized successfully
2025-04-13 18:04:34,001 - app - INFO - Database initialized successfully
2025-04-13 18:06:56,090 - app - INFO - Database initialized successfully
2025-04-13 18:08:10,969 - app - INFO - Database initialized successfully
2025-04-13 18:09:05,021 - app - INFO - Database initialized successfully
2025-04-13 18:11:39,109 - app - INFO - Database initialized successfully
2025-04-13 18:18:58,423 - app - INFO - Database initialized successfully
2025-04-13 18:22:32,200 - app - INFO - Database initialized successfully
2025-04-13 18:34:22,135 - app - INFO - Database initialized successfully
2025-04-13 18:34:57,711 - app - INFO - Database initialized successfully
2025-04-13 18:36:00,694 - app - INFO - Database initialized successfully
2025-04-13 18:36:36,386 - app - INFO - Database initialized successfully
2025-04-13 18:37:00,435 - app - INFO - Database initialized successfully
2025-04-13 18:37:38,970 - app - INFO - Database initialized successfully
2025-04-13 18:38:39,354 - app - INFO - Database initialized successfully
2025-04-13 18:39:17,103 - app - INFO - Database initialized successfully
2025-04-13 18:41:09,178 - app - ERROR - Error initializing database: table criminals has no column named address
2025-04-13 18:41:46,919 - app - INFO - Database initialized successfully
2025-04-13 18:42:53,062 - app - INFO - Database initialized successfully
2025-04-13 18:43:42,072 - app - INFO - Database initialized successfully
2025-04-13 18:45:08,903 - app - INFO - Database initialized successfully
2025-04-13 18:46:36,755 - app - INFO - Database initialized successfully
2025-04-13 18:50:17,721 - app - INFO - Database initialized successfully
2025-04-13 18:52:33,128 - app - INFO - Database initialized successfully
2025-04-13 18:54:01,545 - app - INFO - Database initialized successfully
2025-04-13 18:59:34,320 - app - ERROR - Error initializing database: UNIQUE constraint failed: case_criminals.case_id, case_criminals.criminal_id
2025-04-13 19:00:12,433 - app - INFO - Database initialized successfully
2025-04-13 19:01:29,435 - app - INFO - Database initialized successfully
2025-04-13 19:03:16,795 - app - INFO - Database initialized successfully
2025-04-13 19:04:02,899 - app - INFO - Database initialized successfully
2025-04-13 19:08:39,581 - app - INFO - Database initialized successfully
2025-04-13 19:09:55,414 - app - INFO - Database initialized successfully
2025-04-13 19:12:25,241 - app - INFO - Database initialized successfully
2025-04-13 19:13:43,315 - app - INFO - Database initialized successfully
2025-04-13 19:15:17,843 - app - INFO - Database initialized successfully
2025-04-13 19:17:34,637 - app - INFO - Database initialized successfully
2025-04-13 19:18:19,815 - app - INFO - Database initialized successfully
2025-04-13 19:18:54,489 - app - INFO - Database initialized successfully
2025-04-13 19:19:53,258 - app - INFO - Database initialized successfully
2025-04-13 19:20:29,282 - app - INFO - Database initialized successfully
2025-04-13 19:21:09,183 - app - INFO - Database initialized successfully
2025-04-13 19:21:58,484 - app - INFO - Database initialized successfully
2025-04-13 19:25:18,218 - app - INFO - Database initialized successfully
2025-04-13 19:27:52,006 - app - INFO - Database initialized successfully
2025-04-13 19:35:28,327 - app - INFO - Database initialized successfully
2025-04-13 19:37:13,049 - app - INFO - Database initialized successfully
2025-04-13 19:37:44,361 - app - INFO - Database initialized successfully
2025-04-13 19:38:32,621 - app - INFO - Database initialized successfully
2025-04-13 19:39:11,136 - app - INFO - Database initialized successfully
2025-04-13 19:41:33,008 - app - INFO - Database initialized successfully
2025-04-13 19:43:23,839 - app - INFO - Database initialized successfully
2025-04-13 19:45:18,857 - app - INFO - Database initialized successfully
2025-04-13 21:32:53,753 - app - INFO - Database initialized successfully
2025-04-13 21:34:33,126 - app - INFO - Database initialized successfully
2025-04-13 21:35:15,802 - app - INFO - Database initialized successfully
2025-04-13 21:37:26,957 - app - INFO - Database initialized successfully
2025-04-13 21:40:26,704 - app - INFO - Database initialized successfully
2025-04-13 21:46:53,547 - app - INFO - Database initialized successfully
2025-04-13 21:48:06,319 - app - INFO - Database initialized successfully
2025-04-13 21:49:13,844 - app - INFO - Database initialized successfully
2025-04-13 21:53:16,121 - app - INFO - Database initialized successfully
2025-04-13 21:54:01,631 - app - INFO - Database initialized successfully
2025-04-13 21:55:07,544 - app - INFO - Database initialized successfully
2025-04-13 21:55:52,463 - app - INFO - Database initialized successfully
2025-04-13 21:56:51,707 - app - INFO - Database initialized successfully
2025-04-13 21:58:44,552 - app - INFO - Database initialized successfully
2025-04-13 22:01:45,724 - app - INFO - Database initialized successfully
2025-04-13 22:03:46,540 - app - INFO - Database initialized successfully
2025-04-13 22:08:12,236 - app - INFO - Database initialized successfully
2025-04-13 22:09:13,349 - app - INFO - Database initialized successfully
2025-04-13 22:10:01,951 - app - INFO - Database initialized successfully
2025-04-13 22:12:36,995 - app - INFO - Database initialized successfully
2025-04-13 22:13:07,077 - app - INFO - Database initialized successfully
2025-04-13 22:13:40,582 - app - INFO - Database initialized successfully
2025-04-13 22:16:11,268 - app - INFO - Database initialized successfully
2025-04-13 22:17:22,196 - app - INFO - Database initialized successfully
2025-04-13 22:21:06,501 - app - INFO - Database initialized successfully
2025-04-13 22:22:49,762 - app - INFO - Database initialized successfully
2025-04-13 22:25:36,058 - app - INFO - Database initialized successfully
2025-04-13 22:28:20,222 - app - INFO - Database initialized successfully
2025-04-13 22:30:58,744 - app - INFO - Database initialized successfully
2025-04-13 22:33:06,670 - app - INFO - Database initialized successfully
2025-04-13 23:05:13,868 - app - INFO - Database initialized successfully
2025-04-13 23:08:41,477 - app - INFO - Database initialized successfully
2025-04-13 23:09:26,978 - app - INFO - Database initialized successfully
2025-04-13 23:11:21,346 - app - INFO - Database initialized successfully
2025-04-13 23:12:21,562 - app - INFO - Database initialized successfully
2025-04-13 23:16:20,617 - app - INFO - Database initialized successfully
2025-04-13 23:22:38,997 - app - INFO - Database initialized successfully
2025-04-13 23:23:22,708 - app - INFO - Database initialized successfully
2025-04-13 23:25:18,482 - app - INFO - Database initialized successfully
2025-04-13 23:26:54,405 - app - INFO - Database initialized successfully
2025-04-13 23:28:45,950 - app - INFO - Database initialized successfully
2025-04-13 23:32:24,192 - app - INFO - Database initialized successfully
2025-04-13 23:35:16,987 - app - INFO - Database initialized successfully
2025-04-13 23:36:31,190 - app - INFO - Database initialized successfully
2025-04-13 23:38:34,506 - app - INFO - Database initialized successfully
2025-04-13 23:40:27,339 - app - INFO - Database initialized successfully
2025-04-13 23:42:21,799 - app - INFO - Database initialized successfully
2025-04-13 23:49:08,341 - app - INFO - Database initialized successfully
2025-04-13 23:49:27,006 - app - INFO - Database initialized successfully
2025-04-13 23:50:06,750 - app - INFO - Database initialized successfully
2025-04-13 23:53:43,280 - app - INFO - Database initialized successfully
2025-04-13 23:57:30,356 - app - INFO - Database initialized successfully
2025-04-13 23:59:54,783 - app - INFO - Database initialized successfully
2025-04-14 00:00:46,043 - app - INFO - Database initialized successfully
2025-04-14 00:01:45,907 - app - INFO - Database initialized successfully
2025-04-14 00:04:57,093 - app - INFO - Database initialized successfully
2025-04-14 00:06:36,044 - app - INFO - Database initialized successfully
2025-04-14 00:07:59,111 - app - INFO - Database initialized successfully
2025-04-14 00:10:59,626 - app - INFO - Database initialized successfully
2025-04-14 00:13:24,805 - app - INFO - Database initialized successfully
2025-04-14 00:14:31,305 - app - INFO - Database initialized successfully
2025-04-14 00:15:37,788 - app - INFO - Database initialized successfully
2025-04-14 00:17:02,677 - app - INFO - Database initialized successfully
2025-04-14 00:19:26,148 - app - INFO - Database initialized successfully
2025-04-14 00:21:57,207 - app - INFO - Database initialized successfully
2025-04-14 00:23:02,799 - app - INFO - Database initialized successfully
2025-04-14 00:24:50,332 - app - INFO - Database initialized successfully
2025-04-14 00:25:49,636 - app - INFO - Database initialized successfully
2025-04-14 00:27:01,621 - app - INFO - Database initialized successfully
2025-04-14 00:34:17,630 - app - INFO - Database initialized successfully
2025-04-14 00:36:21,171 - app - INFO - Database initialized successfully
2025-04-14 00:38:42,938 - app - INFO - Database initialized successfully
2025-04-14 00:40:10,792 - app - INFO - Database initialized successfully
2025-04-14 00:43:07,355 - app - INFO - Database initialized successfully
2025-04-14 00:45:31,826 - app - INFO - Database initialized successfully
2025-04-14 00:48:00,988 - app - INFO - Database initialized successfully
2025-04-14 00:49:43,761 - app - INFO - Database initialized successfully
2025-04-14 16:42:22,280 - app - INFO - Database initialized successfully
2025-04-14 16:52:27,278 - app - INFO - Database initialized successfully
2025-04-14 16:55:28,806 - app - INFO - Database initialized successfully
2025-04-14 16:57:52,827 - app - INFO - Database initialized successfully
2025-04-14 16:59:02,610 - app - INFO - Database initialized successfully
2025-04-14 17:01:52,536 - app - INFO - Database initialized successfully
2025-04-14 17:04:13,806 - app - INFO - Database initialized successfully
2025-04-14 17:08:52,658 - app - INFO - Database initialized successfully
2025-04-14 17:11:16,046 - app - INFO - Database initialized successfully
2025-04-14 17:13:21,573 - app - INFO - Database initialized successfully
2025-04-14 17:17:37,798 - app - INFO - Database initialized successfully
2025-04-14 17:19:53,398 - app - INFO - Database initialized successfully
2025-04-14 17:25:25,140 - app - INFO - Database initialized successfully
2025-04-14 17:27:28,015 - app - INFO - Database initialized successfully
2025-04-14 17:30:11,700 - app - INFO - Database initialized successfully
2025-04-14 17:33:55,209 - app - INFO - Database initialized successfully
2025-04-14 17:35:38,231 - app - INFO - Database initialized successfully
2025-04-14 17:37:11,389 - app - INFO - Database initialized successfully
2025-04-14 17:39:56,389 - app - ERROR - Error initializing database: table cases has no column named notes
2025-04-14 17:41:15,075 - app - ERROR - Error initializing database: table cases has no column named notes
2025-04-14 17:42:16,867 - app - ERROR - Error initializing database: table evidence has no column named name
2025-04-14 17:42:59,080 - app - INFO - Database initialized successfully
2025-04-14 17:45:51,006 - app - INFO - Database initialized successfully
2025-04-14 17:47:26,707 - app - INFO - Database initialized successfully
2025-04-14 17:48:35,339 - app - INFO - Database initialized successfully
2025-04-14 17:52:11,786 - app - INFO - Database initialized successfully
2025-04-14 17:53:53,331 - app - INFO - Database initialized successfully
2025-04-14 17:56:16,862 - app - INFO - Database initialized successfully
2025-04-14 18:00:32,670 - app - INFO - Database initialized successfully
2025-04-14 18:02:22,401 - app - INFO - Database initialized successfully
2025-04-14 18:04:10,547 - app - INFO - Database initialized successfully
2025-04-14 19:14:38,980 - app - INFO - Database initialized successfully
2025-04-14 19:16:05,795 - app - INFO - Database initialized successfully
2025-04-14 19:34:35,171 - app - INFO - Database initialized successfully
2025-04-14 19:39:02,801 - app - INFO - Database initialized successfully
2025-04-14 19:39:49,078 - app - INFO - Database initialized successfully
2025-04-14 19:42:47,807 - app - INFO - Database initialized successfully
2025-04-14 19:44:58,288 - app - INFO - Database initialized successfully
2025-04-14 19:47:57,683 - app - INFO - Database initialized successfully
2025-04-14 19:51:51,696 - app - INFO - Database initialized successfully
2025-04-14 19:55:34,884 - app - INFO - Database initialized successfully
2025-04-14 19:57:34,720 - app - INFO - Database initialized successfully
2025-04-14 20:00:07,740 - app - INFO - Database initialized successfully
2025-04-14 20:04:10,929 - app - INFO - Database initialized successfully
2025-04-14 20:05:57,068 - app - INFO - Database initialized successfully
2025-04-14 20:12:38,141 - app - INFO - Database initialized successfully
2025-04-14 20:14:49,275 - app - INFO - Database initialized successfully
2025-04-14 20:16:36,654 - app - INFO - Database initialized successfully
2025-04-14 20:17:42,083 - app - INFO - Database initialized successfully
2025-04-14 20:20:12,968 - app - INFO - Database initialized successfully
2025-04-14 20:22:47,621 - app - INFO - Database initialized successfully
2025-04-14 20:24:56,678 - app - INFO - Database initialized successfully
2025-04-14 20:26:23,120 - app - INFO - Database initialized successfully
2025-04-14 20:29:01,808 - app - INFO - Database initialized successfully
2025-04-14 20:32:20,050 - app - INFO - Database initialized successfully
2025-04-14 20:34:47,965 - app - INFO - Database initialized successfully
2025-04-14 20:37:28,613 - app - INFO - Database initialized successfully
2025-04-14 20:39:01,846 - app - INFO - Database initialized successfully
2025-04-14 20:41:08,392 - app - INFO - Database initialized successfully
2025-04-14 20:42:54,262 - app - INFO - Database initialized successfully
2025-04-14 21:23:33,905 - app - INFO - Database initialized successfully
2025-04-15 18:53:22,811 - app - INFO - Database initialized successfully
2025-04-17 17:58:24,525 - app - INFO - Database initialized successfully
2025-04-17 18:12:08,896 - app - INFO - Database initialized successfully
