2025-04-13 16:56:14,735 - database - ERROR - Database error: no such column: last_login
2025-04-13 17:01:06,702 - database - ERROR - Database error: no such column: last_login
2025-04-13 17:08:17,086 - database - ERROR - Database error: DISTINCT aggregates must have exactly one argument
2025-04-13 17:08:21,138 - database - ERROR - Database error: DISTINCT aggregates must have exactly one argument
2025-04-13 17:14:33,997 - database - ERROR - Database error: DISTINCT aggregates must have exactly one argument
2025-04-13 17:16:24,235 - database - ERROR - Database error: no such column: e.collected_by
2025-04-13 17:16:33,787 - database - ERROR - Database error: no such column: e.collected_by
2025-04-13 17:16:40,740 - database - ERROR - Database error: no such table: evidence_history
2025-04-13 18:41:54,280 - database - ERROR - Database error: no such column: c.officer_id
2025-04-13 18:41:54,370 - database - ERROR - Database error: no such column: opened_date
2025-04-13 18:41:54,377 - database - ERROR - Database error: no such column: opened_date
2025-04-13 18:42:01,125 - database - ERROR - Database error: no such column: c.officer_id
2025-04-13 18:42:01,209 - database - ERROR - Database error: no such column: opened_date
2025-04-13 18:42:01,218 - database - ERROR - Database error: no such column: opened_date
2025-04-13 18:42:03,533 - database - ERROR - Database error: no such column: c.officer_id
2025-04-13 18:42:03,616 - database - ERROR - Database error: no such column: opened_date
2025-04-13 18:42:03,623 - database - ERROR - Database error: no such column: opened_date
2025-04-13 18:45:16,326 - database - ERROR - Database error: no such column: e.collection_date
2025-04-13 19:21:15,209 - database - ERROR - Database error: no such column: date_filed
2025-04-13 19:21:15,453 - database - ERROR - Database error: no such column: date_filed
