2025-04-12 19:20:44,703 - db_init - INFO - Database initialized successfully
2025-04-12 19:21:44,093 - db_init - INFO - Database initialized successfully
2025-04-12 19:23:22,392 - db_init - INFO - Database initialized successfully
2025-04-12 19:24:50,560 - db_init - INFO - Database initialized successfully
2025-04-13 16:20:38,892 - db_init - INFO - Database initialized successfully
2025-04-13 16:21:26,861 - db_init - INFO - Database initialized successfully
2025-04-13 16:27:16,852 - db_init - INFO - Database initialized successfully
2025-04-13 16:31:25,788 - db_init - INFO - Database initialized successfully
2025-04-13 16:34:36,377 - db_init - INFO - Database initialized successfully
2025-04-13 16:35:31,018 - db_init - INFO - Database initialized successfully
2025-04-13 16:36:39,553 - db_init - INFO - Database initialized successfully
2025-04-13 16:41:24,157 - db_init - INFO - Database initialized successfully
2025-04-13 16:42:12,275 - db_init - INFO - Database initialized successfully
2025-04-13 16:44:05,099 - db_init - INFO - Database initialized successfully
2025-04-13 16:45:34,134 - db_init - INFO - Database initialized successfully
2025-04-13 16:46:24,010 - db_init - INFO - Database initialized successfully
2025-04-13 16:48:25,084 - db_init - INFO - Database initialized successfully
2025-04-13 16:50:30,965 - db_init - INFO - Database initialized successfully
2025-04-13 16:53:32,943 - db_init - INFO - Database initialized successfully
2025-04-13 16:53:40,265 - db_init - INFO - Database initialized successfully
2025-04-13 16:55:36,655 - db_init - INFO - Database initialized successfully
2025-04-13 16:55:44,569 - db_init - INFO - Database initialized successfully
2025-04-13 16:57:06,600 - db_init - INFO - Database initialized successfully
2025-04-13 16:59:51,674 - db_init - INFO - Database initialized successfully
2025-04-13 17:02:59,590 - db_init - INFO - Database initialized successfully
2025-04-13 17:03:05,840 - db_init - INFO - Database initialized successfully
2025-04-13 17:07:43,669 - db_init - INFO - Database initialized successfully
2025-04-13 17:09:29,466 - db_init - INFO - Database initialized successfully
2025-04-13 17:10:05,494 - db_init - INFO - Database initialized successfully
2025-04-13 17:13:07,920 - db_init - INFO - Database initialized successfully
2025-04-13 17:13:46,037 - db_init - INFO - Database initialized successfully
2025-04-13 17:16:06,784 - db_init - INFO - Database initialized successfully
2025-04-13 17:17:21,240 - db_init - INFO - Database initialized successfully
2025-04-13 17:21:38,541 - db_init - INFO - Database initialized successfully
2025-04-13 17:24:03,269 - db_init - INFO - Database initialized successfully
2025-04-13 17:24:43,242 - db_init - INFO - Database initialized successfully
2025-04-13 17:27:02,541 - db_init - INFO - Database initialized successfully
2025-04-13 17:28:49,636 - db_init - INFO - Database initialized successfully
2025-04-13 17:32:15,227 - db_init - INFO - Database initialized successfully
2025-04-13 17:35:52,487 - db_init - INFO - Database initialized successfully
2025-04-13 17:39:19,843 - db_init - INFO - Database initialized successfully
2025-04-13 17:41:11,284 - db_init - INFO - Database initialized successfully
2025-04-13 17:44:53,802 - db_init - INFO - Database initialized successfully
2025-04-13 17:53:47,511 - db_init - INFO - Database initialized successfully
2025-04-13 17:56:20,812 - db_init - INFO - Database initialized successfully
2025-04-13 17:56:52,496 - db_init - INFO - Database initialized successfully
2025-04-13 17:59:31,149 - db_init - INFO - Database initialized successfully
2025-04-13 18:01:04,910 - db_init - INFO - Database initialized successfully
2025-04-13 18:03:42,178 - db_init - INFO - Database initialized successfully
2025-04-13 18:04:34,001 - db_init - INFO - Database initialized successfully
2025-04-13 18:06:56,088 - db_init - INFO - Database initialized successfully
2025-04-13 18:08:10,968 - db_init - INFO - Database initialized successfully
2025-04-13 18:09:05,020 - db_init - INFO - Database initialized successfully
2025-04-13 18:11:39,109 - db_init - INFO - Database initialized successfully
2025-04-13 18:18:58,422 - db_init - INFO - Database initialized successfully
2025-04-13 18:22:32,199 - db_init - INFO - Database initialized successfully
2025-04-13 18:34:22,133 - db_init - INFO - Database initialized successfully
2025-04-13 18:34:57,710 - db_init - INFO - Database initialized successfully
2025-04-13 18:36:00,693 - db_init - INFO - Database initialized successfully
2025-04-13 18:36:36,386 - db_init - INFO - Database initialized successfully
2025-04-13 18:37:00,435 - db_init - INFO - Database initialized successfully
2025-04-13 18:37:38,970 - db_init - INFO - Database initialized successfully
2025-04-13 18:38:39,353 - db_init - INFO - Database initialized successfully
2025-04-13 18:39:17,097 - db_init - INFO - Database initialized successfully
2025-04-13 18:41:09,177 - db_init - ERROR - Error initializing database: table criminals has no column named address
2025-04-13 18:41:46,919 - db_init - INFO - Database initialized successfully
2025-04-13 18:42:53,061 - db_init - INFO - Database initialized successfully
2025-04-13 18:43:42,072 - db_init - INFO - Database initialized successfully
2025-04-13 18:45:08,902 - db_init - INFO - Database initialized successfully
2025-04-13 18:46:36,755 - db_init - INFO - Database initialized successfully
2025-04-13 18:50:17,720 - db_init - INFO - Database initialized successfully
2025-04-13 18:52:33,128 - db_init - INFO - Database initialized successfully
2025-04-13 18:54:01,545 - db_init - INFO - Database initialized successfully
2025-04-13 18:59:34,289 - db_init - ERROR - Error initializing database: UNIQUE constraint failed: case_criminals.case_id, case_criminals.criminal_id
2025-04-13 19:00:12,432 - db_init - INFO - Database initialized successfully
2025-04-13 19:01:29,434 - db_init - INFO - Database initialized successfully
2025-04-13 19:03:16,795 - db_init - INFO - Database initialized successfully
2025-04-13 19:04:02,899 - db_init - INFO - Database initialized successfully
2025-04-13 19:08:39,580 - db_init - INFO - Database initialized successfully
2025-04-13 19:09:55,413 - db_init - INFO - Database initialized successfully
2025-04-13 19:12:25,240 - db_init - INFO - Database initialized successfully
2025-04-13 19:13:43,315 - db_init - INFO - Database initialized successfully
2025-04-13 19:15:17,842 - db_init - INFO - Database initialized successfully
2025-04-13 19:17:34,637 - db_init - INFO - Database initialized successfully
2025-04-13 19:18:19,815 - db_init - INFO - Database initialized successfully
2025-04-13 19:18:54,488 - db_init - INFO - Database initialized successfully
2025-04-13 19:19:53,258 - db_init - INFO - Database initialized successfully
2025-04-13 19:20:29,281 - db_init - INFO - Database initialized successfully
2025-04-13 19:21:09,182 - db_init - INFO - Database initialized successfully
2025-04-13 19:21:58,483 - db_init - INFO - Database initialized successfully
2025-04-13 19:25:18,218 - db_init - INFO - Database initialized successfully
2025-04-13 19:27:52,005 - db_init - INFO - Database initialized successfully
2025-04-13 19:35:28,326 - db_init - INFO - Database initialized successfully
2025-04-13 19:37:13,049 - db_init - INFO - Database initialized successfully
2025-04-13 19:37:44,360 - db_init - INFO - Database initialized successfully
2025-04-13 19:38:32,621 - db_init - INFO - Database initialized successfully
2025-04-13 19:39:11,136 - db_init - INFO - Database initialized successfully
2025-04-13 19:41:33,008 - db_init - INFO - Database initialized successfully
2025-04-13 19:43:23,839 - db_init - INFO - Database initialized successfully
2025-04-13 19:45:18,857 - db_init - INFO - Database initialized successfully
2025-04-13 21:32:53,753 - db_init - INFO - Database initialized successfully
2025-04-13 21:34:33,126 - db_init - INFO - Database initialized successfully
2025-04-13 21:35:15,802 - db_init - INFO - Database initialized successfully
2025-04-13 21:37:26,956 - db_init - INFO - Database initialized successfully
2025-04-13 21:40:26,703 - db_init - INFO - Database initialized successfully
2025-04-13 21:46:53,546 - db_init - INFO - Database initialized successfully
2025-04-13 21:48:06,318 - db_init - INFO - Database initialized successfully
2025-04-13 21:49:13,843 - db_init - INFO - Database initialized successfully
2025-04-13 21:53:16,120 - db_init - INFO - Database initialized successfully
2025-04-13 21:54:01,631 - db_init - INFO - Database initialized successfully
2025-04-13 21:55:07,544 - db_init - INFO - Database initialized successfully
2025-04-13 21:55:52,463 - db_init - INFO - Database initialized successfully
2025-04-13 21:56:51,706 - db_init - INFO - Database initialized successfully
2025-04-13 21:58:44,551 - db_init - INFO - Database initialized successfully
2025-04-13 22:01:45,723 - db_init - INFO - Database initialized successfully
2025-04-13 22:03:46,539 - db_init - INFO - Database initialized successfully
2025-04-13 22:08:12,236 - db_init - INFO - Database initialized successfully
2025-04-13 22:09:13,348 - db_init - INFO - Database initialized successfully
2025-04-13 22:10:01,950 - db_init - INFO - Database initialized successfully
2025-04-13 22:12:36,995 - db_init - INFO - Database initialized successfully
2025-04-13 22:13:07,076 - db_init - INFO - Database initialized successfully
2025-04-13 22:13:40,582 - db_init - INFO - Database initialized successfully
2025-04-13 22:16:11,267 - db_init - INFO - Database initialized successfully
2025-04-13 22:17:22,196 - db_init - INFO - Database initialized successfully
2025-04-13 22:21:06,501 - db_init - INFO - Database initialized successfully
2025-04-13 22:22:49,761 - db_init - INFO - Database initialized successfully
2025-04-13 22:25:36,057 - db_init - INFO - Database initialized successfully
2025-04-13 22:28:20,222 - db_init - INFO - Database initialized successfully
2025-04-13 22:30:58,743 - db_init - INFO - Database initialized successfully
2025-04-13 22:33:06,669 - db_init - INFO - Database initialized successfully
2025-04-13 23:05:13,867 - db_init - INFO - Database initialized successfully
2025-04-13 23:08:41,476 - db_init - INFO - Database initialized successfully
2025-04-13 23:09:26,977 - db_init - INFO - Database initialized successfully
2025-04-13 23:11:21,345 - db_init - INFO - Database initialized successfully
2025-04-13 23:12:21,561 - db_init - INFO - Database initialized successfully
2025-04-13 23:16:20,616 - db_init - INFO - Database initialized successfully
2025-04-13 23:22:38,996 - db_init - INFO - Database initialized successfully
2025-04-13 23:23:22,708 - db_init - INFO - Database initialized successfully
2025-04-13 23:25:18,481 - db_init - INFO - Database initialized successfully
2025-04-13 23:26:54,405 - db_init - INFO - Database initialized successfully
2025-04-13 23:28:45,950 - db_init - INFO - Database initialized successfully
2025-04-13 23:32:24,192 - db_init - INFO - Database initialized successfully
2025-04-13 23:35:16,986 - db_init - INFO - Database initialized successfully
2025-04-13 23:36:31,189 - db_init - INFO - Database initialized successfully
2025-04-13 23:38:34,505 - db_init - INFO - Database initialized successfully
2025-04-13 23:40:27,338 - db_init - INFO - Database initialized successfully
2025-04-13 23:42:21,798 - db_init - INFO - Database initialized successfully
2025-04-13 23:49:08,340 - db_init - INFO - Database initialized successfully
2025-04-13 23:49:27,005 - db_init - INFO - Database initialized successfully
2025-04-13 23:50:06,749 - db_init - INFO - Database initialized successfully
2025-04-13 23:53:43,280 - db_init - INFO - Database initialized successfully
2025-04-13 23:57:30,355 - db_init - INFO - Database initialized successfully
2025-04-13 23:59:54,783 - db_init - INFO - Database initialized successfully
2025-04-14 00:00:46,042 - db_init - INFO - Database initialized successfully
2025-04-14 00:01:45,907 - db_init - INFO - Database initialized successfully
2025-04-14 00:04:57,093 - db_init - INFO - Database initialized successfully
2025-04-14 00:06:36,044 - db_init - INFO - Database initialized successfully
2025-04-14 00:07:59,110 - db_init - INFO - Database initialized successfully
2025-04-14 00:10:59,626 - db_init - INFO - Database initialized successfully
2025-04-14 00:13:24,805 - db_init - INFO - Database initialized successfully
2025-04-14 00:14:31,304 - db_init - INFO - Database initialized successfully
2025-04-14 00:15:37,788 - db_init - INFO - Database initialized successfully
2025-04-14 00:17:02,676 - db_init - INFO - Database initialized successfully
2025-04-14 00:19:26,147 - db_init - INFO - Database initialized successfully
2025-04-14 00:21:57,206 - db_init - INFO - Database initialized successfully
2025-04-14 00:23:02,798 - db_init - INFO - Database initialized successfully
2025-04-14 00:24:50,331 - db_init - INFO - Database initialized successfully
2025-04-14 00:25:49,636 - db_init - INFO - Database initialized successfully
2025-04-14 00:27:01,620 - db_init - INFO - Database initialized successfully
2025-04-14 00:34:17,630 - db_init - INFO - Database initialized successfully
2025-04-14 00:36:21,170 - db_init - INFO - Database initialized successfully
2025-04-14 00:38:42,938 - db_init - INFO - Database initialized successfully
2025-04-14 00:40:10,791 - db_init - INFO - Database initialized successfully
2025-04-14 00:43:07,354 - db_init - INFO - Database initialized successfully
2025-04-14 00:45:31,826 - db_init - INFO - Database initialized successfully
2025-04-14 00:48:00,987 - db_init - INFO - Database initialized successfully
2025-04-14 00:49:43,760 - db_init - INFO - Database initialized successfully
2025-04-14 16:42:22,280 - db_init - INFO - Database initialized successfully
2025-04-14 16:52:27,278 - db_init - INFO - Database initialized successfully
2025-04-14 16:55:28,806 - db_init - INFO - Database initialized successfully
2025-04-14 16:57:52,827 - db_init - INFO - Database initialized successfully
2025-04-14 16:59:02,609 - db_init - INFO - Database initialized successfully
2025-04-14 17:01:52,536 - db_init - INFO - Database initialized successfully
2025-04-14 17:04:13,806 - db_init - INFO - Database initialized successfully
2025-04-14 17:08:52,657 - db_init - INFO - Database initialized successfully
2025-04-14 17:11:16,046 - db_init - INFO - Database initialized successfully
2025-04-14 17:13:21,572 - db_init - INFO - Database initialized successfully
2025-04-14 17:17:37,797 - db_init - INFO - Database initialized successfully
2025-04-14 17:19:53,397 - db_init - INFO - Database initialized successfully
2025-04-14 17:25:25,139 - db_init - INFO - Database initialized successfully
2025-04-14 17:27:28,014 - db_init - INFO - Database initialized successfully
2025-04-14 17:30:11,700 - db_init - INFO - Database initialized successfully
2025-04-14 17:33:55,208 - db_init - INFO - Database initialized successfully
2025-04-14 17:35:38,231 - db_init - INFO - Database initialized successfully
2025-04-14 17:37:11,388 - db_init - INFO - Database initialized successfully
2025-04-14 17:39:56,387 - db_init - ERROR - Error initializing database: table cases has no column named notes
2025-04-14 17:41:15,074 - db_init - ERROR - Error initializing database: table cases has no column named notes
2025-04-14 17:42:16,866 - db_init - ERROR - Error initializing database: table evidence has no column named name
2025-04-14 17:42:59,080 - db_init - INFO - Database initialized successfully
2025-04-14 17:45:51,005 - db_init - INFO - Database initialized successfully
2025-04-14 17:47:26,707 - db_init - INFO - Database initialized successfully
2025-04-14 17:48:35,338 - db_init - INFO - Database initialized successfully
2025-04-14 17:52:11,785 - db_init - INFO - Database initialized successfully
2025-04-14 17:53:53,330 - db_init - INFO - Database initialized successfully
2025-04-14 17:56:16,862 - db_init - INFO - Database initialized successfully
2025-04-14 18:00:32,669 - db_init - INFO - Database initialized successfully
2025-04-14 18:02:22,400 - db_init - INFO - Database initialized successfully
2025-04-14 18:04:10,546 - db_init - INFO - Database initialized successfully
2025-04-14 19:14:38,979 - db_init - INFO - Database initialized successfully
2025-04-14 19:16:05,794 - db_init - INFO - Database initialized successfully
2025-04-14 19:34:35,170 - db_init - INFO - Database initialized successfully
2025-04-14 19:39:02,800 - db_init - INFO - Database initialized successfully
2025-04-14 19:39:49,077 - db_init - INFO - Database initialized successfully
2025-04-14 19:42:47,807 - db_init - INFO - Database initialized successfully
2025-04-14 19:44:58,287 - db_init - INFO - Database initialized successfully
2025-04-14 19:47:57,482 - db_init - INFO - Database initialized successfully
2025-04-14 19:51:51,695 - db_init - INFO - Database initialized successfully
2025-04-14 19:55:34,884 - db_init - INFO - Database initialized successfully
2025-04-14 19:57:34,719 - db_init - INFO - Database initialized successfully
2025-04-14 20:00:07,739 - db_init - INFO - Database initialized successfully
2025-04-14 20:04:10,929 - db_init - INFO - Database initialized successfully
2025-04-14 20:05:57,068 - db_init - INFO - Database initialized successfully
2025-04-14 20:12:38,139 - db_init - INFO - Database initialized successfully
2025-04-14 20:14:49,274 - db_init - INFO - Database initialized successfully
2025-04-14 20:16:36,654 - db_init - INFO - Database initialized successfully
2025-04-14 20:17:42,082 - db_init - INFO - Database initialized successfully
2025-04-14 20:20:12,967 - db_init - INFO - Database initialized successfully
2025-04-14 20:22:47,621 - db_init - INFO - Database initialized successfully
2025-04-14 20:24:56,677 - db_init - INFO - Database initialized successfully
2025-04-14 20:26:23,120 - db_init - INFO - Database initialized successfully
2025-04-14 20:29:01,807 - db_init - INFO - Database initialized successfully
2025-04-14 20:32:20,050 - db_init - INFO - Database initialized successfully
2025-04-14 20:34:47,964 - db_init - INFO - Database initialized successfully
2025-04-14 20:37:28,613 - db_init - INFO - Database initialized successfully
2025-04-14 20:39:01,846 - db_init - INFO - Database initialized successfully
2025-04-14 20:41:08,391 - db_init - INFO - Database initialized successfully
2025-04-14 20:42:54,261 - db_init - INFO - Database initialized successfully
2025-04-14 21:23:33,905 - db_init - INFO - Database initialized successfully
2025-04-15 18:53:22,811 - db_init - INFO - Database initialized successfully
2025-04-17 17:58:24,524 - db_init - INFO - Database initialized successfully
2025-04-17 18:12:08,895 - db_init - INFO - Database initialized successfully
